2026-07-01 14:44:04,409 - INFO - Starting scrape with selenium
2026-07-01 14:45:04,922 - INFO - Data saved to data/raw/output.json
2026-07-01 14:46:32,869 - INFO - Starting scrape with selenium
2026-07-01 14:48:00,365 - INFO - Data saved to data/raw/output.json
2026-07-01 14:59:51,129 - INFO - Starting scrape with selenium
2026-07-01 15:01:01,881 - INFO - Data saved to data/raw/output.json
2026-07-01 15:11:00,634 - INFO - Starting scrape with selenium
2026-07-01 15:12:00,371 - INFO - Data saved to data/raw/output.json
2026-07-01 17:23:40,914 - INFO - Starting scrape with selenium
2026-07-01 17:24:54,935 - INFO - Data saved to data/raw/output.json
2026-07-01 17:30:22,458 - INFO - Starting scrape with selenium
2026-07-01 17:31:20,111 - INFO - Data saved to data/raw/output.json
2026-07-01 17:34:26,204 - INFO - Starting scrape with selenium
2026-07-01 17:35:59,497 - INFO - Data saved to data/raw/output.json
2026-07-01 20:02:04,424 - INFO - Starting scrape with selenium
2026-07-01 20:03:12,875 - INFO - Data saved to data/raw/output.json
2026-07-01 20:04:37,760 - INFO - Starting scrape with selenium
2026-07-01 20:08:43,902 - INFO - Data saved to data/raw/output.json
2026-07-01 20:14:26,546 - INFO - Starting scrape with selenium
2026-07-01 20:14:53,170 - INFO - Data saved to data/raw/output.json
2026-07-01 20:25:06,649 - INFO - Starting scrape with selenium
2026-07-01 20:25:27,742 - INFO - Data saved to data/raw/output.json
2026-07-01 20:25:53,081 - INFO - Starting scrape with selenium
2026-07-01 20:26:10,251 - INFO - Data saved to data/raw/output.json
2026-07-01 20:26:37,392 - INFO - Starting scrape with selenium
2026-07-01 20:27:39,637 - INFO - Data saved to data/raw/output.json
2026-07-01 20:31:19,209 - INFO - Logging in...
2026-07-01 20:31:54,137 - INFO - Starting scrape with selenium from https://www.facebook.com/Reuters
2026-07-01 20:32:13,101 - ERROR - Scraping failed: HTTPConnectionPool(host='localhost', port=49233): Max retries exceeded with url: /session/3feb2dceef7ab2ea07d0d176eba4edca/execute/sync (Caused by NewConnectionError("HTTPConnection(host='localhost', port=49233): Failed to establish a new connection: [Errno 111] Connection refused"))
2026-07-01 20:32:25,775 - INFO - Logging in...
2026-07-01 20:33:00,826 - INFO - Starting scrape with selenium from https://www.facebook.com/Reuters
2026-07-01 20:33:24,624 - ERROR - Scraping failed: name 're' is not defined
2026-07-01 20:36:14,076 - INFO - Skipping login (using --no-login or no credentials)
2026-07-01 20:36:14,077 - INFO - Starting scrape with selenium from https://www.facebook.com/Reuters
2026-07-01 20:36:35,906 - INFO - Data saved to data/raw/output.json
2026-07-01 20:36:35,906 - INFO - Total posts: 1
2026-07-01 20:36:35,906 - INFO - Duplicates removed: 0
2026-07-01 20:36:35,907 - INFO - Sample post: EXCLUSIVE: Russia approved secret China military training at top level, sources say… See more...
2026-07-01 20:43:20,336 - INFO - Skipping login (using --no-login or no credentials)
2026-07-01 20:43:20,337 - INFO - Starting scrape with selenium from https://www.facebook.com/Reuters
2026-07-01 20:43:34,204 - INFO - Data saved to data/raw/output.json
2026-07-01 20:43:34,204 - INFO - Total posts: 2
2026-07-01 20:43:34,204 - INFO - Duplicates removed: 0
2026-07-01 20:43:34,204 - INFO - Sample post: Small boats with armed people approach vessels off Yemen, UKMTO says… See more...
2026-07-01 20:44:29,261 - INFO - Skipping login (using --no-login or no credentials)
2026-07-01 20:44:29,261 - INFO - Starting scrape with selenium from https://www.facebook.com/Reuters
2026-07-01 20:44:45,662 - INFO - Attempting to login...
2026-07-01 20:45:23,908 - WARNING - Login failed, continuing without login (may limit data)
2026-07-01 20:45:23,908 - INFO - Starting scrape with selenium from https://www.facebook.com/Reuters
2026-07-01 20:45:37,179 - INFO - Data saved to data/raw/output.json
2026-07-01 20:45:37,180 - INFO - Total posts: 2
2026-07-01 20:45:37,180 - INFO - Duplicates removed: 0
2026-07-01 20:45:37,180 - INFO - Sample post: Small boats with armed people approach vessels off Yemen, UKMTO says… See more...
2026-07-01 20:46:41,631 - INFO - Attempting to login...
2026-07-01 20:46:50,823 - WARNING - Login failed, continuing without login (may limit data)
2026-07-01 20:46:50,823 - INFO - Starting scrape with selenium from https://www.facebook.com/Reuters
2026-07-01 20:47:24,295 - INFO - Attempting to login...
2026-07-01 20:47:37,234 - WARNING - Login failed, continuing without login (may limit data)
2026-07-01 20:47:37,234 - INFO - Starting scrape with selenium from https://www.facebook.com/Reuters
2026-07-01 20:48:00,702 - INFO - Data saved to data/raw/output.json
2026-07-01 20:48:00,702 - INFO - Total posts: 1
2026-07-01 20:48:00,702 - INFO - Duplicates removed: 0
2026-07-01 20:48:00,702 - INFO - Sample post: New York City Mayor Zohran Mamdani acknowledges rumors of a Taylor Swift-Travis Kelce wedding at Mad...
2026-07-01 20:49:37,304 - INFO - Attempting to login...
2026-07-01 20:50:15,989 - WARNING - Login failed, continuing without login (may limit data)
2026-07-01 20:50:15,989 - INFO - Starting scrape with selenium from https://www.facebook.com/Reuters
2026-07-01 20:54:04,181 - ERROR - Scraping failed: HTTPConnectionPool(host='localhost', port=49351): Max retries exceeded with url: /session/62d6587ef51ca8fd6587baf7f0363848/execute/sync (Caused by NewConnectionError("HTTPConnection(host='localhost', port=49351): Failed to establish a new connection: [Errno 111] Connection refused"))
2026-07-01 20:54:10,815 - INFO - Attempting to login...
2026-07-01 20:54:49,418 - WARNING - Login failed, continuing without login (may limit data)
2026-07-01 20:54:49,418 - INFO - Starting scrape with selenium from https://www.facebook.com/Reuters
2026-07-01 20:55:51,866 - INFO - Data saved to data/raw/output.json
2026-07-01 20:55:51,866 - INFO - Total posts: 5
2026-07-01 20:55:51,866 - INFO - Duplicates removed: 0
2026-07-01 20:55:51,866 - INFO - Sample post: French government seen facing no-confidence vote over heatwave handling... Ещё...
